TN:
SF:src/modules/movies/services/CreateMovieService.ts
FN:14,(anonymous_18)
FN:15,CreateMovieService
FN:20,(anonymous_20)
FNF:3
FNH:3
FNDA:3,(anonymous_18)
FNDA:6,CreateMovieService
FNDA:7,(anonymous_20)
DA:1,3
DA:3,3
DA:14,3
DA:17,6
DA:20,7
DA:21,7
DA:23,7
DA:25,6
DA:31,6
DA:33,3
DA:35,3
LF:11
LH:11
BRDA:21,0,0,7
BRDA:23,1,0,1
BRDA:23,1,1,6
BRF:3
BRH:3
end_of_record
TN:
SF:src/modules/movies/services/CreateVoteService.ts
FN:14,(anonymous_18)
FN:15,CreateVoteService
FN:20,(anonymous_20)
FNF:3
FNH:3
FNDA:2,(anonymous_18)
FNDA:5,CreateVoteService
FNDA:6,(anonymous_20)
DA:1,2
DA:3,2
DA:14,2
DA:17,5
DA:20,6
DA:21,6
DA:23,5
DA:27,8
DA:28,2
DA:30,4
DA:32,3
DA:35,5
DA:37,2
DA:39,2
LF:14
LH:14
BRDA:32,0,0,3
BRDA:32,0,1,5
BRDA:21,1,0,1
BRDA:21,1,1,5
BRDA:27,2,0,3
BRDA:27,2,1,2
BRF:6
BRH:6
end_of_record
TN:
SF:src/modules/movies/services/FilterMovieService.ts
FN:12,(anonymous_18)
FN:13,FilterMovieService
FN:18,(anonymous_20)
FNF:3
FNH:3
FNDA:1,(anonymous_18)
FNDA:2,FilterMovieService
FNDA:2,(anonymous_20)
DA:1,1
DA:3,1
DA:12,1
DA:15,2
DA:18,2
DA:19,2
DA:21,2
DA:23,2
DA:25,2
DA:27,1
DA:32,1
DA:34,1
DA:36,1
LF:13
LH:13
BRDA:25,0,0,1
BRDA:25,0,1,1
BRF:2
BRH:2
end_of_record
TN:
SF:src/modules/movies/services/GetMovieService.ts
FN:12,(anonymous_18)
FN:13,GetMovieService
FN:18,(anonymous_20)
FN:26,(anonymous_23)
FNF:4
FNH:4
FNDA:1,(anonymous_18)
FNDA:2,GetMovieService
FNDA:2,(anonymous_20)
FNDA:2,(anonymous_23)
DA:1,1
DA:2,1
DA:12,1
DA:15,2
DA:18,1
DA:19,2
DA:21,2
DA:23,1
DA:25,1
DA:26,2
DA:30,1
DA:32,1
DA:34,1
DA:36,1
DA:38,1
LF:15
LH:15
BRDA:19,0,0,2
BRDA:21,1,0,1
BRDA:21,1,1,1
BRF:3
BRH:3
end_of_record
TN:
SF:src/modules/users/services/AuthenticateUserService.ts
FN:23,(anonymous_18)
FN:24,AuthenticateUserService
FN:29,(anonymous_20)
FNF:3
FNH:3
FNDA:1,(anonymous_18)
FNDA:3,AuthenticateUserService
FNDA:3,(anonymous_20)
DA:1,1
DA:3,1
DA:4,1
DA:6,1
DA:7,1
DA:23,1
DA:26,3
DA:29,3
DA:30,3
DA:32,3
DA:34,2
DA:36,1
DA:38,1
DA:40,1
DA:45,1
DA:47,1
DA:49,1
LF:17
LH:17
BRDA:30,0,0,3
BRDA:32,1,0,1
BRDA:32,1,1,2
BRDA:36,2,0,0
BRDA:36,2,1,1
BRF:5
BRH:4
end_of_record
TN:
SF:src/modules/users/services/CreateUserService.ts
FN:16,(anonymous_18)
FN:17,CreateUserService
FN:22,(anonymous_20)
FNF:3
FNH:3
FNDA:4,(anonymous_18)
FNDA:9,CreateUserService
FNDA:10,(anonymous_20)
DA:1,4
DA:3,4
DA:5,4
DA:16,4
DA:19,9
DA:22,4
DA:23,10
DA:24,10
DA:25,10
DA:26,10
DA:28,10
DA:30,10
DA:32,9
DA:34,9
DA:41,9
DA:43,4
DA:45,4
LF:17
LH:17
BRDA:28,0,0,10
BRDA:30,1,0,1
BRDA:30,1,1,9
BRF:3
BRH:3
end_of_record
TN:
SF:src/modules/users/services/DeleteUserService.ts
FN:12,(anonymous_18)
FN:13,DeleteUserService
FN:18,(anonymous_20)
FNF:3
FNH:3
FNDA:1,(anonymous_18)
FNDA:2,DeleteUserService
FNDA:2,(anonymous_20)
DA:1,1
DA:3,1
DA:12,1
DA:15,2
DA:18,2
DA:19,2
DA:21,2
DA:23,1
DA:25,2
DA:27,1
DA:29,1
DA:31,1
LF:12
LH:12
BRDA:19,0,0,2
BRDA:21,1,0,1
BRDA:21,1,1,1
BRF:3
BRH:3
end_of_record
TN:
SF:src/modules/users/services/UpdateUserService.ts
FN:17,(anonymous_18)
FN:18,UpdateUserService
FN:23,(anonymous_20)
FNF:3
FNH:3
FNDA:1,(anonymous_18)
FNDA:5,UpdateUserService
FNDA:5,(anonymous_20)
DA:1,1
DA:3,1
DA:5,1
DA:17,1
DA:20,5
DA:23,1
DA:26,5
DA:30,9
DA:31,1
DA:36,5
DA:38,4
DA:41,5
DA:42,1
DA:44,2
DA:47,3
DA:54,3
DA:56,1
DA:58,1
LF:18
LH:18
BRDA:26,0,0,5
BRDA:26,0,1,3
BRDA:30,1,0,4
BRDA:30,1,1,1
BRDA:36,2,0,1
BRDA:36,2,1,4
BRDA:38,3,0,1
BRDA:38,3,1,3
BRDA:41,4,0,2
BRDA:41,4,1,1
BRF:10
BRH:10
end_of_record
