TN:
SF:src/modules/movies/services/CreateMovieService.ts
FN:14,(anonymous_18)
FN:15,CreateMovieService
FN:20,(anonymous_20)
FNF:3
FNH:0
FNDA:0,(anonymous_18)
FNDA:0,CreateMovieService
FNDA:0,(anonymous_20)
DA:1,0
DA:3,0
DA:14,0
DA:17,0
DA:20,0
DA:21,0
DA:23,0
DA:25,0
DA:31,0
DA:33,0
DA:35,0
LF:11
LH:0
BRDA:21,0,0,0
BRDA:23,1,0,0
BRDA:23,1,1,0
BRF:3
BRH:0
end_of_record
TN:
SF:src/modules/movies/services/CreateVoteService.ts
FN:14,(anonymous_18)
FN:15,CreateVoteService
FN:20,(anonymous_20)
FNF:3
FNH:0
FNDA:0,(anonymous_18)
FNDA:0,CreateVoteService
FNDA:0,(anonymous_20)
DA:1,0
DA:3,0
DA:14,0
DA:17,0
DA:20,0
DA:21,0
DA:23,0
DA:27,0
DA:28,0
DA:30,0
DA:33,0
DA:35,0
DA:37,0
DA:39,0
LF:14
LH:0
BRDA:30,0,0,0
BRDA:30,0,1,0
BRDA:21,1,0,0
BRDA:21,1,1,0
BRDA:27,2,0,0
BRDA:27,2,1,0
BRF:6
BRH:0
end_of_record
TN:
SF:src/modules/movies/services/FilterMovieService.ts
FN:12,(anonymous_18)
FN:13,FilterMovieService
FN:18,(anonymous_20)
FNF:3
FNH:0
FNDA:0,(anonymous_18)
FNDA:0,FilterMovieService
FNDA:0,(anonymous_20)
DA:1,0
DA:3,0
DA:12,0
DA:15,0
DA:18,0
DA:19,0
DA:21,0
DA:23,0
DA:25,0
DA:27,0
DA:32,0
DA:34,0
DA:36,0
LF:13
LH:0
BRDA:25,0,0,0
BRDA:25,0,1,0
BRF:2
BRH:0
end_of_record
TN:
SF:src/modules/movies/services/GetMovieService.ts
FN:12,(anonymous_18)
FN:13,GetMovieService
FN:18,(anonymous_20)
FN:26,(anonymous_23)
FNF:4
FNH:0
FNDA:0,(anonymous_18)
FNDA:0,GetMovieService
FNDA:0,(anonymous_20)
FNDA:0,(anonymous_23)
DA:1,0
DA:2,0
DA:12,0
DA:15,0
DA:18,0
DA:19,0
DA:21,0
DA:23,0
DA:25,0
DA:26,0
DA:30,0
DA:32,0
DA:34,0
DA:36,0
DA:38,0
LF:15
LH:0
BRDA:19,0,0,0
BRDA:21,1,0,0
BRDA:21,1,1,0
BRF:3
BRH:0
end_of_record
TN:
SF:src/modules/users/services/AuthenticateUserService.ts
FN:23,(anonymous_18)
FN:24,AuthenticateUserService
FN:29,(anonymous_20)
FNF:3
FNH:3
FNDA:1,(anonymous_18)
FNDA:3,AuthenticateUserService
FNDA:2,(anonymous_20)
DA:1,1
DA:3,1
DA:4,1
DA:6,1
DA:7,1
DA:23,1
DA:26,3
DA:29,2
DA:30,2
DA:32,2
DA:37,1
DA:39,1
DA:41,1
DA:43,1
DA:48,1
DA:50,1
DA:52,1
LF:17
LH:17
BRDA:30,0,0,2
BRDA:34,1,0,1
BRDA:34,1,1,1
BRDA:34,2,0,2
BRDA:34,2,1,2
BRDA:37,3,0,0
BRDA:37,3,1,1
BRDA:39,4,0,0
BRDA:39,4,1,1
BRF:9
BRH:7
end_of_record
TN:
SF:src/modules/users/services/CreateUserService.ts
FN:16,(anonymous_18)
FN:17,CreateUserService
FN:22,(anonymous_20)
FNF:3
FNH:3
FNDA:2,(anonymous_18)
FNDA:5,CreateUserService
FNDA:6,(anonymous_20)
DA:1,2
DA:3,2
DA:5,2
DA:16,2
DA:19,5
DA:22,2
DA:23,6
DA:24,6
DA:25,6
DA:26,6
DA:28,6
DA:30,6
DA:32,5
DA:34,4
DA:41,4
DA:43,2
DA:45,2
LF:17
LH:17
BRDA:28,0,0,6
BRDA:30,1,0,1
BRDA:30,1,1,5
BRF:3
BRH:3
end_of_record
TN:
SF:src/modules/users/services/DeleteUserService.ts
FN:12,(anonymous_18)
FN:13,DeleteUserService
FN:18,(anonymous_20)
FNF:3
FNH:3
FNDA:1,(anonymous_18)
FNDA:2,DeleteUserService
FNDA:2,(anonymous_20)
DA:1,1
DA:3,1
DA:12,1
DA:15,2
DA:18,2
DA:19,2
DA:21,2
DA:23,1
DA:25,2
DA:27,1
DA:29,1
DA:31,1
LF:12
LH:12
BRDA:19,0,0,2
BRDA:21,1,0,1
BRDA:21,1,1,1
BRF:3
BRH:3
end_of_record
TN:
SF:src/modules/users/services/UpdateUserService.ts
FN:17,(anonymous_18)
FN:18,UpdateUserService
FN:23,(anonymous_20)
FNF:3
FNH:3
FNDA:1,(anonymous_18)
FNDA:5,UpdateUserService
FNDA:5,(anonymous_20)
DA:1,1
DA:3,1
DA:5,1
DA:17,1
DA:20,5
DA:23,1
DA:26,5
DA:30,9
DA:31,1
DA:36,5
DA:38,4
DA:41,5
DA:42,1
DA:44,2
DA:47,3
DA:54,3
DA:56,1
DA:58,1
LF:18
LH:18
BRDA:26,0,0,5
BRDA:26,0,1,3
BRDA:30,1,0,4
BRDA:30,1,1,1
BRDA:36,2,0,1
BRDA:36,2,1,4
BRDA:38,3,0,1
BRDA:38,3,1,3
BRDA:41,4,0,2
BRDA:41,4,1,1
BRF:10
BRH:10
end_of_record
